<?xml version="1.0" encoding="UTF-8"?>
<robot generator="Robot 6.1.1 (Python 3.12.1 on linux)" generated="20231214 08:22:16.974" rpa="false" schemaversion="4">
<suite id="s1" name="Tests" source="/tests/tests">
<suite id="s1-s1" name="Testsuite" source="/tests/tests/testsuite.robot">
<test id="s1-s1-t1" name="GET an existing user, notice how the schema gets more accurate" line="2">
<kw name="GET">
<arg>/users/1</arg>
<msg timestamp="20231214 08:22:16.982" level="FAIL">No keyword with name 'GET' found. Did you mean:
    BuiltIn.Get Time</msg>
<status status="FAIL" starttime="20231214 08:22:16.982" endtime="20231214 08:22:16.982"/>
</kw>
<kw name="Output schema">
<arg>response body</arg>
<status status="NOT RUN" starttime="20231214 08:22:16.982" endtime="20231214 08:22:16.982"/>
</kw>
<kw name="Object">
<arg>response body</arg>
<status status="NOT RUN" starttime="20231214 08:22:16.983" endtime="20231214 08:22:16.983"/>
</kw>
<kw name="Integer">
<arg>response body id</arg>
<arg>1</arg>
<status status="NOT RUN" starttime="20231214 08:22:16.983" endtime="20231214 08:22:16.983"/>
</kw>
<kw name="String">
<arg>response body name</arg>
<arg>nuno</arg>
<status status="NOT RUN" starttime="20231214 08:22:16.983" endtime="20231214 08:22:16.983"/>
</kw>
<kw name="String">
<arg>response body fullname</arg>
<arg>Nuno</arg>
<status status="NOT RUN" starttime="20231214 08:22:16.984" endtime="20231214 08:22:16.984"/>
</kw>
<kw name="Output schema" type="TEARDOWN">
<msg timestamp="20231214 08:22:16.984" level="FAIL">No keyword with name 'Output schema' found.</msg>
<status status="FAIL" starttime="20231214 08:22:16.984" endtime="20231214 08:22:16.984">No keyword with name 'Output schema' found.</status>
</kw>
<status status="FAIL" starttime="20231214 08:22:16.981" endtime="20231214 08:22:16.984">No keyword with name 'GET' found. Did you mean:
    BuiltIn.Get Time

Also teardown failed:
No keyword with name 'Output schema' found.</status>
</test>
<status status="FAIL" starttime="20231214 08:22:16.981" endtime="20231214 08:22:16.985"/>
</suite>
<status status="FAIL" starttime="20231214 08:22:16.975" endtime="20231214 08:22:16.985"/>
</suite>
<statistics>
<total>
<stat pass="0" fail="1" skip="0">All Tests</stat>
</total>
<tag>
</tag>
<suite>
<stat pass="0" fail="1" skip="0" id="s1" name="Tests">Tests</stat>
<stat pass="0" fail="1" skip="0" id="s1-s1" name="Testsuite">Tests.Testsuite</stat>
</suite>
</statistics>
<errors>
</errors>
</robot>
